Using pre-set license
Built from '2021.3/staging' branch; Version is '2021.3.3f1 (af2e63e8f9bd) revision 11480675'; Using compiler version '192829333'; Build Type 'Release'
OS: 'Windows 10  (10.0.19044) 64bit Professional' Language: 'en' Physical Memory: 32677 MB
BatchMode: 1, IsHumanControllingUs: 0, StartBugReporterOnCrash: 0, Is64bit: 1, IsPro: 1

COMMAND LINE ARGUMENTS:
C:\Program Files\Unity\Hub\Editor\2021.3.3f1\Editor\Unity.exe
-adb2
-batchMode
-noUpm
-name
AssetImportWorker1
-projectPath
C:/Users/david/Documents/Unity/TheStoryOfDanKheadies
-logFile
Logs/AssetImportWorker1.log
-srvPort
62334
Successfully changed project path to: C:/Users/david/Documents/Unity/TheStoryOfDanKheadies
C:/Users/david/Documents/Unity/TheStoryOfDanKheadies
[UnityMemory] Configuration Parameters - Can be set up in boot.config
    "memorysetup-bucket-allocator-granularity=16"
    "memorysetup-bucket-allocator-bucket-count=8"
    "memorysetup-bucket-allocator-block-size=33554432"
    "memorysetup-bucket-allocator-block-count=8"
    "memorysetup-main-allocator-block-size=16777216"
    "memorysetup-thread-allocator-block-size=16777216"
    "memorysetup-gfx-main-allocator-block-size=16777216"
    "memorysetup-gfx-thread-allocator-block-size=16777216"
    "memorysetup-cache-allocator-block-size=4194304"
    "memorysetup-typetree-allocator-block-size=2097152"
    "memorysetup-profiler-bucket-allocator-granularity=16"
    "memorysetup-profiler-bucket-allocator-bucket-count=8"
    "memorysetup-profiler-bucket-allocator-block-size=33554432"
    "memorysetup-profiler-bucket-allocator-block-count=8"
    "memorysetup-profiler-allocator-block-size=16777216"
    "memorysetup-profiler-editor-allocator-block-size=1048576"
    "memorysetup-temp-allocator-size-main=16777216"
    "memorysetup-job-temp-allocator-block-size=2097152"
    "memorysetup-job-temp-allocator-block-size-background=1048576"
    "memorysetup-job-temp-allocator-reduction-small-platforms=262144"
    "memorysetup-temp-allocator-size-background-worker=32768"
    "memorysetup-temp-allocator-size-job-worker=262144"
    "memorysetup-temp-allocator-size-preload-manager=33554432"
    "memorysetup-temp-allocator-size-nav-mesh-worker=65536"
    "memorysetup-temp-allocator-size-audio-worker=65536"
    "memorysetup-temp-allocator-size-cloud-worker=32768"
    "memorysetup-temp-allocator-size-gi-baking-worker=262144"
    "memorysetup-temp-allocator-size-gfx=262144"
Refreshing native plugins compatible for Editor in 50.44 ms, found 2 plugins.
Preloading 0 native plugins for Editor in 0.00 ms.
Initialize engine version: 2021.3.3f1 (af2e63e8f9bd)
[Subsystems] Discovering subsystems at path C:/Program Files/Unity/Hub/Editor/2021.3.3f1/Editor/Data/Resources/UnitySubsystems
[Subsystems] Discovering subsystems at path C:/Users/david/Documents/Unity/TheStoryOfDanKheadies/Assets
GfxDevice: creating device client; threaded=0; jobified=0
Direct3D:
    Version:  Direct3D 11.0 [level 11.1]
    Renderer: NVIDIA GeForce RTX 3060 Ti (ID=0x2489)
    Vendor:   NVIDIA
    VRAM:     8050 MB
    Driver:   30.0.15.1215
Initialize mono
Mono path[0] = 'C:/Program Files/Unity/Hub/Editor/2021.3.3f1/Editor/Data/Managed'
Mono path[1] = 'C:/Program Files/Unity/Hub/Editor/2021.3.3f1/Editor/Data/MonoBleedingEdge/lib/mono/unityjit-win32'
Mono config path = 'C:/Program Files/Unity/Hub/Editor/2021.3.3f1/Editor/Data/MonoBleedingEdge/etc'
Using monoOptions --debugger-agent=transport=dt_socket,embedding=1,server=y,suspend=n,address=127.0.0.1:56260
Begin MonoManager ReloadAssembly
Registering precompiled unity dll's ...
Register platform support module: C:/Program Files/Unity/Hub/Editor/2021.3.3f1/Editor/Data/PlaybackEngines/WebGLSupport/UnityEditor.WebGL.Extensions.dll
Register platform support module: C:/Program Files/Unity/Hub/Editor/2021.3.3f1/Editor/Data/PlaybackEngines/AndroidPlayer/UnityEditor.Android.Extensions.dll
Register platform support module: C:/Program Files/Unity/Hub/Editor/2021.3.3f1/Editor/Data/PlaybackEngines/iOSSupport/UnityEditor.iOS.Extensions.dll
Register platform support module: C:/Program Files/Unity/Hub/Editor/2021.3.3f1/Editor/Data/PlaybackEngines/WindowsStandaloneSupport/UnityEditor.WindowsStandalone.Extensions.dll
Registered in 0.007672 seconds.
Native extension for WindowsStandalone target not found
[usbmuxd] Start listen thread
[usbmuxd] Listen thread started
Native extension for iOS target not found
Native extension for Android target not found
Native extension for WebGL target not found
Refreshing native plugins compatible for Editor in 45.12 ms, found 2 plugins.
Preloading 0 native plugins for Editor in 0.00 ms.
Mono: successfully reloaded assembly
- Completed reload, in  0.459 seconds
Domain Reload Profiling:
	ReloadAssembly (459ms)
		BeginReloadAssembly (51ms)
			ExecutionOrderSort (0ms)
			DisableScriptedObjects (0ms)
			BackupInstance (0ms)
			ReleaseScriptingObjects (0ms)
			CreateAndSetChildDomain (1ms)
		EndReloadAssembly (325ms)
			LoadAssemblies (50ms)
			RebuildTransferFunctionScriptingTraits (0ms)
			SetupTypeCache (71ms)
			ReleaseScriptCaches (0ms)
			RebuildScriptCaches (17ms)
			SetupLoadedEditorAssemblies (201ms)
				LogAssemblyErrors (0ms)
				InitializePlatformSupportModulesInManaged (58ms)
				SetLoadedEditorAssemblies (0ms)
				RefreshPlugins (45ms)
				BeforeProcessingInitializeOnLoad (1ms)
				ProcessInitializeOnLoadAttributes (67ms)
				ProcessInitializeOnLoadMethodAttributes (30ms)
				AfterProcessingInitializeOnLoad (0ms)
				EditorAssembliesLoaded (0ms)
			ExecutionOrderSort2 (0ms)
			AwakeInstancesAfterBackupRestoration (0ms)
Platform modules already initialized, skipping
Registering precompiled user dll's ...
Registered in 0.003353 seconds.
Begin MonoManager ReloadAssembly
Native extension for WindowsStandalone target not found
Native extension for iOS target not found
Native extension for Android target not found
Native extension for WebGL target not found
Refreshing native plugins compatible for Editor in 49.02 ms, found 2 plugins.
Preloading 0 native plugins for Editor in 0.00 ms.
Mono: successfully reloaded assembly
- Completed reload, in  0.802 seconds
Domain Reload Profiling:
	ReloadAssembly (802ms)
		BeginReloadAssembly (190ms)
			ExecutionOrderSort (0ms)
			DisableScriptedObjects (4ms)
			BackupInstance (0ms)
			ReleaseScriptingObjects (0ms)
			CreateAndSetChildDomain (124ms)
		EndReloadAssembly (530ms)
			LoadAssemblies (56ms)
			RebuildTransferFunctionScriptingTraits (0ms)
			SetupTypeCache (125ms)
			ReleaseScriptCaches (0ms)
			RebuildScriptCaches (32ms)
			SetupLoadedEditorAssemblies (283ms)
				LogAssemblyErrors (0ms)
				InitializePlatformSupportModulesInManaged (19ms)
				SetLoadedEditorAssemblies (0ms)
				RefreshPlugins (49ms)
				BeforeProcessingInitializeOnLoad (44ms)
				ProcessInitializeOnLoadAttributes (147ms)
				ProcessInitializeOnLoadMethodAttributes (18ms)
				AfterProcessingInitializeOnLoad (7ms)
				EditorAssembliesLoaded (0ms)
			ExecutionOrderSort2 (0ms)
			AwakeInstancesAfterBackupRestoration (4ms)
Platform modules already initialized, skipping
========================================================================
Worker process is ready to serve import requests
Launched and connected shader compiler UnityShaderCompiler.exe after 0.03 seconds
Refreshing native plugins compatible for Editor in 0.81 ms, found 2 plugins.
Preloading 0 native plugins for Editor in 0.00 ms.
Unloading 2137 Unused Serialized files (Serialized files now loaded: 0)
Unloading 21 unused Assets / (47.4 KB). Loaded Objects now: 2601.
Memory consumption went from 92.8 MB to 92.7 MB.
Total: 2.391200 ms (FindLiveObjects: 0.122800 ms CreateObjectMapping: 0.063600 ms MarkObjects: 2.164200 ms  DeleteObjects: 0.040000 ms)

AssetImportParameters requested are different than current active one (requested -> active):
  custom:video-decoder-ogg-theora: a1e56fd34408186e4bbccfd4996cb3dc -> 
  custom:container-muxer-webm: aa71ff27fc2769a1b78a27578f13a17b -> 
  custom:container-demuxer-webm: 4f35f7cbe854078d1ac9338744f61a02 -> 
  custom:video-encoder-webm-vp8: eb34c28f22e8b96e1ab97ce403110664 -> 
  custom:audio-encoder-webm-vorbis: bf7c407c2cedff20999df2af8eb42d56 -> 
  custom:framework-win-MediaFoundation: 216162199b28c13a410421893ffa2e32 -> 
  custom:container-demuxer-ogg: 62fdf1f143b41e24485cea50d1cbac27 -> 
  custom:video-decoder-webm-vp8: 9c59270c3fd7afecdb556c50c9e8de78 -> 
  custom:audio-decoder-ogg-vorbis: bf7c407c2cedff20999df2af8eb42d56 -> 
========================================================================
Received Import Request.
  Time since last request: 82724.651863 seconds.
  path: Assets/MiniGames/GuessWhoColluded/Sprites/MainMenu/13.png
  artifactKey: Guid(b2391bdcea2008a4f9a440f80215c111) Importer(2089858483,0ecaa5967403d082aa24f35e1b516d23)
Start importing Assets/MiniGames/GuessWhoColluded/Sprites/MainMenu/13.png using Guid(b2391bdcea2008a4f9a440f80215c111) Importer(2089858483,0ecaa5967403d082aa24f35e1b516d23) Generated GUIDs only implemented for interfaces!
 -> (artifact id: '2d53379e01d23baf367d8d7f4c53f5a5') in 0.138934 seconds 
========================================================================
Received Import Request.
  Time since last request: 0.000025 seconds.
  path: Assets/MiniGames/GuessWhoColluded/Sprites/MainMenu/21.png
  artifactKey: Guid(df5c0873ab1315d439427ad501cef855) Importer(2089858483,0ecaa5967403d082aa24f35e1b516d23)
Start importing Assets/MiniGames/GuessWhoColluded/Sprites/MainMenu/21.png using Guid(df5c0873ab1315d439427ad501cef855) Importer(2089858483,0ecaa5967403d082aa24f35e1b516d23) Generated GUIDs only implemented for interfaces!
 -> (artifact id: 'd1c93f5159ffc2484d3d8e81ecbe582e') in 0.015024 seconds 
========================================================================
Received Import Request.
  Time since last request: 0.000026 seconds.
  path: Assets/MiniGames/GuessWhoColluded/Sprites/MainMenu/8.png
  artifactKey: Guid(b01bfb8647104b74588f863d0a9aef31) Importer(2089858483,0ecaa5967403d082aa24f35e1b516d23)
Start importing Assets/MiniGames/GuessWhoColluded/Sprites/MainMenu/8.png using Guid(b01bfb8647104b74588f863d0a9aef31) Importer(2089858483,0ecaa5967403d082aa24f35e1b516d23) Generated GUIDs only implemented for interfaces!
 -> (artifact id: '7e21c20447489bd658569c7a9f6fe847') in 0.015033 seconds 
========================================================================
Received Import Request.
  Time since last request: 0.000019 seconds.
  path: Assets/MiniGames/GuessWhoColluded/Sprites/MainMenu/26.png
  artifactKey: Guid(cac862b3d128daf46a98533eed504f93) Importer(2089858483,0ecaa5967403d082aa24f35e1b516d23)
Start importing Assets/MiniGames/GuessWhoColluded/Sprites/MainMenu/26.png using Guid(cac862b3d128daf46a98533eed504f93) Importer(2089858483,0ecaa5967403d082aa24f35e1b516d23) Generated GUIDs only implemented for interfaces!
 -> (artifact id: '422e199e4cbda51f1df803d74c91b419') in 0.014236 seconds 
========================================================================
Received Import Request.
  Time since last request: 0.000018 seconds.
  path: Assets/MiniGames/GuessWhoColluded/Sprites/MainMenu/10.png
  artifactKey: Guid(3f00b8854092df6478b4d6ab7b2ba9eb) Importer(2089858483,0ecaa5967403d082aa24f35e1b516d23)
Start importing Assets/MiniGames/GuessWhoColluded/Sprites/MainMenu/10.png using Guid(3f00b8854092df6478b4d6ab7b2ba9eb) Importer(2089858483,0ecaa5967403d082aa24f35e1b516d23) Generated GUIDs only implemented for interfaces!
 -> (artifact id: 'bdcd4467737cd74164b5b8be180c20d4') in 0.015305 seconds 
========================================================================
Received Import Request.
  Time since last request: 0.000019 seconds.
  path: Assets/MiniGames/GuessWhoColluded/Sprites/MainMenu/11.png
  artifactKey: Guid(74b9b6fd3cde2e348898ed906fcd8c6b) Importer(2089858483,0ecaa5967403d082aa24f35e1b516d23)
Start importing Assets/MiniGames/GuessWhoColluded/Sprites/MainMenu/11.png using Guid(74b9b6fd3cde2e348898ed906fcd8c6b) Importer(2089858483,0ecaa5967403d082aa24f35e1b516d23) Generated GUIDs only implemented for interfaces!
 -> (artifact id: '47fd9e7b6a978cb78e877ed452203136') in 0.013772 seconds 
========================================================================
Received Import Request.
  Time since last request: 0.000017 seconds.
  path: Assets/MiniGames/GuessWhoColluded/Sprites/MainMenu/15.png
  artifactKey: Guid(3f784bf816f9df142868368a82cd58f4) Importer(2089858483,0ecaa5967403d082aa24f35e1b516d23)
Start importing Assets/MiniGames/GuessWhoColluded/Sprites/MainMenu/15.png using Guid(3f784bf816f9df142868368a82cd58f4) Importer(2089858483,0ecaa5967403d082aa24f35e1b516d23) Generated GUIDs only implemented for interfaces!
 -> (artifact id: 'ceb4560c59c9777798bc735f566728fb') in 0.014280 seconds 
========================================================================
Received Import Request.
  Time since last request: 0.000023 seconds.
  path: Assets/MiniGames/GuessWhoColluded/Sprites/MainMenu/3.png
  artifactKey: Guid(d0a98780143a20747b0baed9bed41833) Importer(2089858483,0ecaa5967403d082aa24f35e1b516d23)
Start importing Assets/MiniGames/GuessWhoColluded/Sprites/MainMenu/3.png using Guid(d0a98780143a20747b0baed9bed41833) Importer(2089858483,0ecaa5967403d082aa24f35e1b516d23) Generated GUIDs only implemented for interfaces!
 -> (artifact id: '6837e32114362becb25deb4f82d51468') in 0.015127 seconds 
========================================================================
Received Import Request.
  Time since last request: 0.000027 seconds.
  path: Assets/MiniGames/GuessWhoColluded/Sprites/MainMenu/22.png
  artifactKey: Guid(4182e79be87035341aff6a7abcaf3a5c) Importer(2089858483,0ecaa5967403d082aa24f35e1b516d23)
Start importing Assets/MiniGames/GuessWhoColluded/Sprites/MainMenu/22.png using Guid(4182e79be87035341aff6a7abcaf3a5c) Importer(2089858483,0ecaa5967403d082aa24f35e1b516d23) Generated GUIDs only implemented for interfaces!
 -> (artifact id: '8d4067f7a1c8698af8e7f4b5084e97d7') in 0.014592 seconds 
========================================================================
Received Import Request.
  Time since last request: 0.000022 seconds.
  path: Assets/MiniGames/GuessWhoColluded/Sprites/MainMenu/9.png
  artifactKey: Guid(524615b73070c9847a0ddd2ec089f821) Importer(2089858483,0ecaa5967403d082aa24f35e1b516d23)
Start importing Assets/MiniGames/GuessWhoColluded/Sprites/MainMenu/9.png using Guid(524615b73070c9847a0ddd2ec089f821) Importer(2089858483,0ecaa5967403d082aa24f35e1b516d23) Generated GUIDs only implemented for interfaces!
 -> (artifact id: '33e8aa1db8652c1601ecae04fda721ad') in 0.017742 seconds 
========================================================================
Received Import Request.
  Time since last request: 0.000022 seconds.
  path: Assets/MiniGames/GuessWhoColluded/Sprites/MainMenu/32.png
  artifactKey: Guid(464276ea8209a6246b3bdd6ed3834c9e) Importer(2089858483,0ecaa5967403d082aa24f35e1b516d23)
Start importing Assets/MiniGames/GuessWhoColluded/Sprites/MainMenu/32.png using Guid(464276ea8209a6246b3bdd6ed3834c9e) Importer(2089858483,0ecaa5967403d082aa24f35e1b516d23) Generated GUIDs only implemented for interfaces!
 -> (artifact id: 'd2accfb148048b525c258b1ab772c48d') in 0.017518 seconds 
========================================================================
Received Import Request.
  Time since last request: 0.000021 seconds.
  path: Assets/MiniGames/GuessWhoColluded/Sprites/MainMenu/14.png
  artifactKey: Guid(47685cfdb427b304d9a84cc8f3a4a7ad) Importer(2089858483,0ecaa5967403d082aa24f35e1b516d23)
Start importing Assets/MiniGames/GuessWhoColluded/Sprites/MainMenu/14.png using Guid(47685cfdb427b304d9a84cc8f3a4a7ad) Importer(2089858483,0ecaa5967403d082aa24f35e1b516d23) Generated GUIDs only implemented for interfaces!
 -> (artifact id: '14abcb0e1dfe4162ab293ccb921040f0') in 0.013947 seconds 
========================================================================
Received Import Request.
  Time since last request: 0.000017 seconds.
  path: Assets/MiniGames/GuessWhoColluded/Sprites/MainMenu/24.png
  artifactKey: Guid(935105b273a89c44297da02eff1fd335) Importer(2089858483,0ecaa5967403d082aa24f35e1b516d23)
Start importing Assets/MiniGames/GuessWhoColluded/Sprites/MainMenu/24.png using Guid(935105b273a89c44297da02eff1fd335) Importer(2089858483,0ecaa5967403d082aa24f35e1b516d23) Generated GUIDs only implemented for interfaces!
 -> (artifact id: '52a6d8f75db9569e13985b7b31602871') in 0.015500 seconds 
========================================================================
Received Import Request.
  Time since last request: 0.000018 seconds.
  path: Assets/MiniGames/GuessWhoColluded/Sprites/MainMenu/25.png
  artifactKey: Guid(a2e3727bf86dc994f99bd9aa33fd614d) Importer(2089858483,0ecaa5967403d082aa24f35e1b516d23)
Start importing Assets/MiniGames/GuessWhoColluded/Sprites/MainMenu/25.png using Guid(a2e3727bf86dc994f99bd9aa33fd614d) Importer(2089858483,0ecaa5967403d082aa24f35e1b516d23) Generated GUIDs only implemented for interfaces!
 -> (artifact id: 'e014076bfca412570e8ebfab1072ac18') in 0.014603 seconds 
========================================================================
Received Import Request.
  Time since last request: 0.000020 seconds.
  path: Assets/MiniGames/GuessWhoColluded/Sprites/MainMenu/23.png
  artifactKey: Guid(6c4e6a6837f65d049bba0b36b2e9b9ed) Importer(2089858483,0ecaa5967403d082aa24f35e1b516d23)
Start importing Assets/MiniGames/GuessWhoColluded/Sprites/MainMenu/23.png using Guid(6c4e6a6837f65d049bba0b36b2e9b9ed) Importer(2089858483,0ecaa5967403d082aa24f35e1b516d23) Generated GUIDs only implemented for interfaces!
 -> (artifact id: '0ab10bd15afe760d9bb0043ef42444f4') in 0.014756 seconds 
========================================================================
Received Import Request.
  Time since last request: 0.000029 seconds.
  path: Assets/MiniGames/GuessWhoColluded/Sprites/MainMenu/17.png
  artifactKey: Guid(48de3c4031f45044c8e7bf53c87008c8) Importer(2089858483,0ecaa5967403d082aa24f35e1b516d23)
Start importing Assets/MiniGames/GuessWhoColluded/Sprites/MainMenu/17.png using Guid(48de3c4031f45044c8e7bf53c87008c8) Importer(2089858483,0ecaa5967403d082aa24f35e1b516d23) Generated GUIDs only implemented for interfaces!
 -> (artifact id: '5ed5a4f53011f010b0c8867d668d0b70') in 0.013173 seconds 
========================================================================
Received Import Request.
  Time since last request: 8.743064 seconds.
  path: Assets/MiniGames/GuessWhoColluded/Sprites/MainMenu/Blackness/17.png
  artifactKey: Guid(48de3c4031f45044c8e7bf53c87008c8) Importer(2089858483,0ecaa5967403d082aa24f35e1b516d23)
Start importing Assets/MiniGames/GuessWhoColluded/Sprites/MainMenu/Blackness/17.png using Guid(48de3c4031f45044c8e7bf53c87008c8) Importer(2089858483,0ecaa5967403d082aa24f35e1b516d23) Generated GUIDs only implemented for interfaces!
 -> (artifact id: 'c639f6647d85a0ad62453aac9f690648') in 0.011827 seconds 
========================================================================
Received Import Request.
  Time since last request: 0.000019 seconds.
  path: Assets/MiniGames/GuessWhoColluded/Sprites/MainMenu/Blackness/31.png
  artifactKey: Guid(90a13838e89fe774fb90a475ef2f3614) Importer(2089858483,0ecaa5967403d082aa24f35e1b516d23)
Start importing Assets/MiniGames/GuessWhoColluded/Sprites/MainMenu/Blackness/31.png using Guid(90a13838e89fe774fb90a475ef2f3614) Importer(2089858483,0ecaa5967403d082aa24f35e1b516d23) Generated GUIDs only implemented for interfaces!
 -> (artifact id: '95597382f76bb60bc86824d9fae6759d') in 0.014502 seconds 
========================================================================
Received Import Request.
  Time since last request: 0.000021 seconds.
  path: Assets/MiniGames/GuessWhoColluded/Sprites/MainMenu/Blackness/27.png
  artifactKey: Guid(f358a5278f9a28840b92090b6cc88850) Importer(2089858483,0ecaa5967403d082aa24f35e1b516d23)
Start importing Assets/MiniGames/GuessWhoColluded/Sprites/MainMenu/Blackness/27.png using Guid(f358a5278f9a28840b92090b6cc88850) Importer(2089858483,0ecaa5967403d082aa24f35e1b516d23) Generated GUIDs only implemented for interfaces!
 -> (artifact id: '815625cf4aefc7138d254ab163d30f43') in 0.012188 seconds 
========================================================================
Received Import Request.
  Time since last request: 0.000014 seconds.
  path: Assets/MiniGames/GuessWhoColluded/Sprites/MainMenu/Blackness/26.png
  artifactKey: Guid(cac862b3d128daf46a98533eed504f93) Importer(2089858483,0ecaa5967403d082aa24f35e1b516d23)
Start importing Assets/MiniGames/GuessWhoColluded/Sprites/MainMenu/Blackness/26.png using Guid(cac862b3d128daf46a98533eed504f93) Importer(2089858483,0ecaa5967403d082aa24f35e1b516d23) Generated GUIDs only implemented for interfaces!
 -> (artifact id: '1d48ae2e5cd623c0cde0649e0e56dc91') in 0.011923 seconds 
========================================================================
Received Import Request.
  Time since last request: 0.000015 seconds.
  path: Assets/MiniGames/GuessWhoColluded/Sprites/MainMenu/Blackness/5.png
  artifactKey: Guid(c6cdbb87437646e43b66671460df2014) Importer(2089858483,0ecaa5967403d082aa24f35e1b516d23)
Start importing Assets/MiniGames/GuessWhoColluded/Sprites/MainMenu/Blackness/5.png using Guid(c6cdbb87437646e43b66671460df2014) Importer(2089858483,0ecaa5967403d082aa24f35e1b516d23) Generated GUIDs only implemented for interfaces!
 -> (artifact id: '635d359a73085f2bc9741fe2a50dacf7') in 0.011923 seconds 
========================================================================
Received Import Request.
  Time since last request: 0.000019 seconds.
  path: Assets/MiniGames/GuessWhoColluded/Sprites/MainMenu/Blackness/10.png
  artifactKey: Guid(3f00b8854092df6478b4d6ab7b2ba9eb) Importer(2089858483,0ecaa5967403d082aa24f35e1b516d23)
Start importing Assets/MiniGames/GuessWhoColluded/Sprites/MainMenu/Blackness/10.png using Guid(3f00b8854092df6478b4d6ab7b2ba9eb) Importer(2089858483,0ecaa5967403d082aa24f35e1b516d23) Generated GUIDs only implemented for interfaces!
 -> (artifact id: '74aa7c739f92600821bfe7b8cfb7204e') in 0.011886 seconds 
========================================================================
Received Import Request.
  Time since last request: 0.000022 seconds.
  path: Assets/MiniGames/GuessWhoColluded/Sprites/MainMenu/Blackness/29.png
  artifactKey: Guid(00b6532fd3dbb89429a8a4f30e8f9a84) Importer(2089858483,0ecaa5967403d082aa24f35e1b516d23)
Start importing Assets/MiniGames/GuessWhoColluded/Sprites/MainMenu/Blackness/29.png using Guid(00b6532fd3dbb89429a8a4f30e8f9a84) Importer(2089858483,0ecaa5967403d082aa24f35e1b516d23) Generated GUIDs only implemented for interfaces!
 -> (artifact id: '68a24e9eeaa31728d0f8eee455e5e56f') in 0.013786 seconds 
========================================================================
Received Import Request.
  Time since last request: 0.000019 seconds.
  path: Assets/MiniGames/GuessWhoColluded/Sprites/MainMenu/Blackness/15.png
  artifactKey: Guid(3f784bf816f9df142868368a82cd58f4) Importer(2089858483,0ecaa5967403d082aa24f35e1b516d23)
Start importing Assets/MiniGames/GuessWhoColluded/Sprites/MainMenu/Blackness/15.png using Guid(3f784bf816f9df142868368a82cd58f4) Importer(2089858483,0ecaa5967403d082aa24f35e1b516d23) Generated GUIDs only implemented for interfaces!
 -> (artifact id: '4e9f8aaa72b63cbfd01019b1f983dd11') in 0.012756 seconds 
========================================================================
Received Import Request.
  Time since last request: 0.000017 seconds.
  path: Assets/MiniGames/GuessWhoColluded/Sprites/MainMenu/Blackness/9.png
  artifactKey: Guid(524615b73070c9847a0ddd2ec089f821) Importer(2089858483,0ecaa5967403d082aa24f35e1b516d23)
Start importing Assets/MiniGames/GuessWhoColluded/Sprites/MainMenu/Blackness/9.png using Guid(524615b73070c9847a0ddd2ec089f821) Importer(2089858483,0ecaa5967403d082aa24f35e1b516d23) Generated GUIDs only implemented for interfaces!
 -> (artifact id: '098101f5d5c5181583b6e45914451ace') in 0.013033 seconds 
========================================================================
Received Import Request.
  Time since last request: 0.000017 seconds.
  path: Assets/MiniGames/GuessWhoColluded/Sprites/MainMenu/Blackness/24.png
  artifactKey: Guid(935105b273a89c44297da02eff1fd335) Importer(2089858483,0ecaa5967403d082aa24f35e1b516d23)
Start importing Assets/MiniGames/GuessWhoColluded/Sprites/MainMenu/Blackness/24.png using Guid(935105b273a89c44297da02eff1fd335) Importer(2089858483,0ecaa5967403d082aa24f35e1b516d23) Generated GUIDs only implemented for interfaces!
 -> (artifact id: '78f79bafdaf0edf16cf5bebaa7be59a4') in 0.012669 seconds 
========================================================================
Received Import Request.
  Time since last request: 0.000017 seconds.
  path: Assets/MiniGames/GuessWhoColluded/Sprites/MainMenu/Blackness/19.png
  artifactKey: Guid(8c21760f38384c64d96d6f25ebad41dc) Importer(2089858483,0ecaa5967403d082aa24f35e1b516d23)
Start importing Assets/MiniGames/GuessWhoColluded/Sprites/MainMenu/Blackness/19.png using Guid(8c21760f38384c64d96d6f25ebad41dc) Importer(2089858483,0ecaa5967403d082aa24f35e1b516d23) Generated GUIDs only implemented for interfaces!
 -> (artifact id: '1ed2afa52cc5355a18ed5593a6cb8dd3') in 0.013760 seconds 
========================================================================
Received Import Request.
  Time since last request: 0.000031 seconds.
  path: Assets/MiniGames/GuessWhoColluded/Sprites/MainMenu/Blackness/33.png
  artifactKey: Guid(01cad32a5f7114442a41cc868c301ffc) Importer(2089858483,0ecaa5967403d082aa24f35e1b516d23)
Start importing Assets/MiniGames/GuessWhoColluded/Sprites/MainMenu/Blackness/33.png using Guid(01cad32a5f7114442a41cc868c301ffc) Importer(2089858483,0ecaa5967403d082aa24f35e1b516d23) Generated GUIDs only implemented for interfaces!
 -> (artifact id: '1351e19732b4481d29086a66dfaaa247') in 0.014140 seconds 
========================================================================
Received Import Request.
  Time since last request: 235.389622 seconds.
  path: Assets/Animations/GuessWhoColluded/0.controller
  artifactKey: Guid(5b9f001c374776d4080befb31449d460) Importer(2089858483,0ecaa5967403d082aa24f35e1b516d23)
Start importing Assets/Animations/GuessWhoColluded/0.controller using Guid(5b9f001c374776d4080befb31449d460) Importer(2089858483,0ecaa5967403d082aa24f35e1b516d23) Generated GUIDs only implemented for interfaces!
 -> (artifact id: '6a8ee1ac14c1ed61c4507434a5a9e8e6') in 0.007559 seconds 
========================================================================
Received Import Request.
  Time since last request: 185.312388 seconds.
  path: Assets/MiniGames/GuessWhoColluded/Sprites/MainMenu/start.1.r.png
  artifactKey: Guid(1d47513b993bdb64ea5d78328f2dcf74) Importer(2089858483,0ecaa5967403d082aa24f35e1b516d23)
Start importing Assets/MiniGames/GuessWhoColluded/Sprites/MainMenu/start.1.r.png using Guid(1d47513b993bdb64ea5d78328f2dcf74) Importer(2089858483,0ecaa5967403d082aa24f35e1b516d23) Generated GUIDs only implemented for interfaces!
 -> (artifact id: '00528e468e5195e9f6f4d9d68f50f606') in 0.014808 seconds 
========================================================================
Received Import Request.
  Time since last request: 0.000028 seconds.
  path: Assets/MiniGames/GuessWhoColluded/Sprites/MainMenu/end.1.w.png
  artifactKey: Guid(95c04cf4e6429bf439a60d99a3a12536) Importer(2089858483,0ecaa5967403d082aa24f35e1b516d23)
Start importing Assets/MiniGames/GuessWhoColluded/Sprites/MainMenu/end.1.w.png using Guid(95c04cf4e6429bf439a60d99a3a12536) Importer(2089858483,0ecaa5967403d082aa24f35e1b516d23) Generated GUIDs only implemented for interfaces!
 -> (artifact id: '04a495744f514574316513f340e9abf9') in 0.013476 seconds 
========================================================================
Received Import Request.
  Time since last request: 0.000014 seconds.
  path: Assets/MiniGames/GuessWhoColluded/Sprites/MainMenu/start.1.w.png
  artifactKey: Guid(7b63d402e89b3fe45a85a6e8458a960e) Importer(2089858483,0ecaa5967403d082aa24f35e1b516d23)
Start importing Assets/MiniGames/GuessWhoColluded/Sprites/MainMenu/start.1.w.png using Guid(7b63d402e89b3fe45a85a6e8458a960e) Importer(2089858483,0ecaa5967403d082aa24f35e1b516d23) Generated GUIDs only implemented for interfaces!
 -> (artifact id: '1a4329a86ed19e50757faeb8142706b6') in 0.012979 seconds 
Editor requested this worker to shutdown with reason: Scaling down because of idle timeout
AssetImportWorker is now disconnected from the server
Process exiting
Exiting without the bug reporter. Application will terminate with return code 0